

Constructor start...
The Running Date is : 2015 6 7
The Time is: 22 37 54
Init starting...
Init OK!
8,2116,-28.3288,-37.2934,4.06876,28.7894,0,1,
9,2116,-26.7362,-42.5099,4.02071,26.7143,0,1,
9,2116,-25.8484,-45.8279,4.01013,25.0219,0,1,
10,2116,-27.0592,-43.4651,4.06473,23.4999,0,1,
11,2103,-26.1118,-42.5223,4.11999,19.6135,0,1,
12,2116,-25.4631,-41.0588,4.18499,18.7116,0,1,
12,2116,-26.315,-39.5511,4.24664,17.9223,0,1,
13,2103,-27.4851,-38.2767,4.32568,15.247,0,1,
13,2103,-26.2317,-37.5808,4.40593,13.3669,0,1,
0,2116,-40.248,-22.5046,-1.40364,11.9701,0,1,
2,2116,-42.3656,-22.4175,-1.28457,10.9511,0,1,
3,2116,-46.1446,-22.497,-1.17648,10.0951,0,1,
4,2116,-47.0787,-22.1807,-1.09593,10.163,0,1,
4,2170,-42.426,-21.7122,-1.09282,10.9175,0,1,
4,2103,-37.0496,-21.0601,-1.08668,11.0082,0,1,
3,2103,-33.4844,-20.8248,-1.08215,10.9029,0,1,
2,2116,-29.5376,-20.2716,-1.07362,10.8148,0,1,
2,2116,-27.6737,-19.7102,-1.79079,3.56165,0,1,
1,2103,-26.203,-19.0845,-1.80007,3.15802,0,1,
81,2143,7.30329,-2.53901,-0.394532,9.44929,0,1,
81,2143,7.44584,-2.55666,-0.370468,9.65129,0,1,
81,2129,7.38526,-2.56965,-0.337453,9.86105,0,1,
81,2143,7.27866,-2.58444,-0.308571,10.0333,0,1,
81,2129,7.12528,-2.59873,-0.278509,10.2139,0,1,
81,2129,7.02935,-2.61228,-0.253131,10.4345,0,1,
81,2129,7.17626,-2.62339,-0.226608,10.6282,0,1,
82,2129,7.12066,-2.63376,-0.198973,10.8599,0,1,
81,2143,7.0317,-2.64176,-0.170791,11.0559,0,1,
81,2143,6.9849,-2.64614,-0.142076,11.2462,0,1,
81,2143,6.90445,-2.64697,-0.113895,11.4459,0,1,
81,2143,6.80393,-2.64462,-0.0875498,12.0143,0,1,
81,2143,6.7668,-2.64607,-0.0622363,12.2191,0,1,
80,2143,6.70427,-2.63703,-0.0365367,12.4155,0,1,
81,2143,6.67636,-2.63169,-0.0134429,13.0355,0,1,
81,2143,6.65973,-2.62588,0.0093933,13.5952,0,1,
80,2156,6.82473,-2.60834,0.0342484,14.1781,0,1,
80,2143,7.00335,-2.59264,0.0589304,14.4062,0,1,
80,2143,7.00433,-2.59075,0.0837151,14.6422,0,1,
80,2143,6.98535,-2.5952,0.106887,14.9281,0,1,
80,2143,6.943,-2.59794,0.127498,14.6049,0,1,
80,2143,6.93389,-2.60806,0.125679,14.1472,0,1,
80,2156,6.89653,-2.6086,0.126768,14.1918,0,1,
80,2170,6.85232,-2.60422,0.149762,14.6657,0,1,
80,2143,6.8749,-2.6009,0.175513,15.0396,0,1,
80,2143,6.87618,-2.59265,0.201999,15.4045,0,1,
80,2143,6.85652,-2.59595,0.203122,15.8312,0,1,
80,2143,6.83949,-2.57658,0.205763,16.4259,0,1,
80,2143,6.82865,-2.57284,0.203216,16.9909,0,1,
80,2143,6.77212,-2.58016,0.198174,17.5844,0,1,
80,2156,6.74631,-2.58039,0.196829,17.9752,0,1,
79,2143,6.6871,-2.58438,0.220721,17.0146,0,1,
79,2143,6.65175,-2.58578,0.243584,17.0203,0,1,
80,2143,6.63616,-2.58535,0.265065,17.4173,0,1,
80,2143,6.61245,-2.58106,0.288445,17.7505,0,1,
79,2143,6.78525,-2.56578,0.312753,17.9407,0,1,
79,2143,6.79222,-2.57815,0.336815,18.6241,0,1,
80,2143,6.81387,-2.5903,0.361679,18.9066,0,1,
80,2143,6.81491,-2.60138,0.383415,18.0978,0,1,
80,2156,7.05028,-2.60623,0.383136,18.2708,0,1,
80,2143,7.0469,-2.61104,0.381109,18.7584,0,1,
80,2143,7.04002,-2.6106,0.379985,18.7095,0,1,
80,2143,7.00379,-2.60275,0.378846,18.8685,0,1,
80,2156,6.97409,-2.59514,0.376913,19.031,0,1,
80,2143,6.98685,-2.58947,0.37726,19.1887,0,1,
80,2156,6.99899,-2.57923,0.377386,19.3329,0,1,
80,2170,7.02043,-2.56676,0.378421,19.4919,0,1,
80,2156,7.0049,-2.5537,0.375306,19.6481,0,1,
80,2143,7.02482,-2.53243,0.377194,19.8629,0,1,
80,2143,6.96185,-2.52361,0.375605,20.0229,0,1,
79,2156,6.94503,-2.51395,0.374893,20.0357,0,1,
79,2143,6.97229,-2.50064,0.376183,20.2107,0,1,
78,2156,7.02865,-2.48614,0.376765,20.3083,0,1,
79,2156,7.03143,-2.48882,0.375971,20.1478,0,1,
79,2156,7.07735,-2.48853,0.3758,20.1334,0,1,
79,2156,7.10095,-2.48005,0.378336,20.0573,0,1,
79,2156,7.1184,-2.46833,0.380813,19.8297,0,1,
79,2156,7.09375,-2.4617,0.385051,19.8284,0,1,
78,2143,7.06908,-2.46185,0.385356,19.7584,0,1,
78,2170,7.04119,-2.45873,0.387738,19.7004,0,1,
78,2170,7.19416,-2.43633,0.386641,19.4869,0,1,
78,2143,7.36928,-2.40925,0.388635,19.42,0,1,
78,2143,7.48534,-2.39788,0.387704,19.2687,0,1,
79,2143,7.44018,-2.38474,0.390383,19.1954,0,1,
78,2143,7.65344,-2.37043,0.38951,19.1314,0,1,
79,2143,7.57965,-2.35798,0.39094,18.9975,0,1,
79,2156,7.75667,-2.34455,0.391156,19.013,0,1,
80,2116,8.27288,-2.35998,0.387683,18.9473,0,1,
81,2078,10.1271,-2.40799,0.36667,19.4297,0,1,
82,2053,17.6906,-2.50551,0.331705,19.7765,0,1,
82,2065,119.651,-2.62628,0.281361,19.9575,0,1,
79,2040,-19.9438,-2.80241,0.223084,19.7293,0,1,
74,2028,-8.48551,-3.03156,0.169467,19.5404,0,1,
68,1993,-5.03106,-3.28428,0.134139,19.3369,0,1,
63,1993,-3.58118,-3.55869,0.10809,19.2987,0,1,
57,1981,-2.80455,-3.8648,0.0869923,19.3046,0,1,
51,1981,-2.33381,-4.22792,0.0637027,19.2865,0,1,
46,1970,-2.01788,-4.70115,0.036913,19.344,0,1,
41,2005,-1.77069,-5.23528,0.0191311,19.3433,0,1,
37,1981,-1.58755,-5.89389,-0.000283511,19.2828,0,1,
32,2028,-1.45787,-6.67381,-0.0181277,19.2735,0,1,
28,2028,-1.34703,-7.59776,-0.0353143,19.4206,0,1,
25,2016,-1.26462,-8.62128,-0.0513794,19.3394,0,1,
22,2028,-1.1996,-9.87714,-0.0704011,19.4095,0,1,
19,2028,-1.15061,-11.534,-0.0932363,19.475,0,1,
16,2028,-1.10794,-13.7124,-0.115573,19.6861,0,1,
13,2053,-1.07412,-16.3692,-0.136925,19.9115,0,1,
12,2053,-1.04712,-19.8804,-0.15646,20.224,0,1,
10,2028,-1.01883,-24.0349,-0.173271,20.3778,0,1,
9,2040,-0.989849,-30.0829,-0.186078,20.5563,0,1,
9,2040,-0.970482,-38.018,-0.19762,20.8808,0,1,
7,2040,-0.956359,-52.5769,-0.214117,21.4331,0,1,
7,2053,-0.944494,-83.648,-0.235026,22.0068,0,1,
6,2040,-0.939327,-160.502,-0.258864,22.6145,0,1,
4,2040,-0.93132,1938.35,-0.273033,22.9398,0,1,
4,2028,-0.920816,167.993,-0.281093,23.4808,0,1,
3,2028,-0.911588,87.2305,-0.291669,24.1679,0,1,
2,2028,-0.907908,59.9806,-0.309128,24.9043,0,1,
2,2040,-0.904041,46.7808,-0.324785,25.7143,0,1,
1,2028,-0.900657,38.9041,-0.341231,26.1505,0,1,
1,2028,-0.892944,33.5564,-0.34932,27.0592,0,1,
0,2028,-0.890656,30.0886,-0.368187,27.6721,0,1,
0,2028,-0.885362,27.6285,-0.373512,28.6831,0,1,
0,2040,-0.874784,25.5884,-0.375716,29.4464,0,1,
0,2028,-0.870725,23.7729,-0.394206,30.4297,0,1,
0,2028,-0.867377,22.3392,-0.41327,31.9178,0,1,
0,2028,-0.863878,21.1142,-0.430747,33.3411,0,1,
0,2028,-0.862219,20.6871,-0.444606,34.7054,0,1,
0,2028,-0.857842,19.7039,-0.455685,36.1949,0,1,
0,2028,-0.854586,18.914,-0.46696,36.5508,0,1,
0,2028,-0.85276,18.4097,0.338587,38.5214,0,1,
0,2016,-0.848365,17.7242,-0.470716,39.3157,0,1,
0,2028,-0.845941,17.5688,-0.473818,41.2708,0,1,
0,2028,-0.841806,17.3418,-0.52,41.4851,0,1,
0,2016,-0.837608,17.4735,-0.517593,42.8752,0,1,
1,2016,-0.835562,17.4595,-0.519533,44.8272,0,1,
1,2016,-0.836688,17.334,-0.53071,46.0191,0,1,
0,2005,-0.846687,16.5285,-0.567964,46.7504,0,1,
0,2016,-0.8416,16.2336,-0.564596,48.6503,0,1,
0,2016,-0.834594,15.8644,-0.564117,51.4235,0,1,
0,2016,-0.832407,15.5979,-0.571514,54.3963,0,1,
0,2016,-0.82634,15.503,-0.571892,56.9932,0,1,
0,2016,-0.824457,15.1076,-0.576947,60.8654,0,1,
0,2005,-0.822645,15.1824,-0.581359,64.1513,0,1,
0,2005,-0.819097,15.4341,-0.585399,66.8022,0,1,
1,2016,-0.812142,15.571,-0.581477,73.6416,0,1,
1,2016,-0.812336,15.8176,-0.587043,83.8621,0,1,
1,2016,-0.807857,16.1572,-0.580209,97.3008,0,1,
1,2016,-0.803576,16.6939,-0.572147,109.706,0,1,
1,2016,-0.800205,17.2034,-0.572648,134.941,0,1,
1,1993,-0.797971,17.8927,-0.564834,173.73,0,1,
1,2016,-0.798042,18.5702,-0.569277,264.597,0,1,
2,2005,-0.797372,19.2354,-0.575509,358.172,0,1,
2,2005,-0.79602,19.7263,-0.575128,1304.7,0,1,
2,2016,-0.793017,20.8894,-0.568274,-2024.36,0,1,
2,2016,-0.790801,22.0857,-0.572889,-650.884,0,1,
3,2005,-0.790961,22.8295,-0.573747,-301.375,0,1,
3,2005,-0.78822,24.0319,-0.567874,-215.757,0,1,
3,1993,-0.788314,24.884,-0.55768,-168.436,0,1,
2,1993,-0.804911,21.1258,-0.587571,-172.33,0,1,
2,2005,-0.859454,16.5813,-0.616924,-212.636,0,1,
4,1993,-0.931261,13.2642,-0.618537,2414.94,0,1,
10,1993,-1.02657,5.16716,-0.613687,143.984,0,1,
11,1993,-1.12791,3.708,-0.681546,73.2179,0,1,
13,2005,-1.2527,2.86385,-0.73251,46.1905,0,1,
16,2005,-1.38193,2.3546,-0.792119,34.6398,0,1,
22,2016,-1.53252,1.9808,-0.855445,27.9745,0,1,
30,1993,-1.71856,1.71245,-0.919335,22.8169,0,1,
40,1993,-1.9278,1.51911,-0.988952,19.1956,0,1,
51,2005,-2.14809,1.40485,-1.0627,16.448,0,1,
63,2016,-2.41717,1.32933,-1.12231,14.4352,0,1,
75,2016,-2.69156,1.26968,-1.2449,12.6009,0,1,
89,2016,-2.98271,1.22762,-1.37711,11.1161,0,1,
101,2016,-3.20624,1.1855,-1.58772,9.86628,0,1,
113,2016,-3.40968,1.15958,-1.79233,8.79276,0,1,
122,2016,-3.65607,1.12361,-2.07571,7.90203,0,1,
132,2016,-3.89455,1.11387,-2.26585,7.13403,0,1,
140,2016,-4.15502,1.10438,-2.48764,6.48597,0,1,
147,2005,-4.43247,1.09809,-2.61461,5.80734,0,1,
153,2016,-4.82138,1.09633,-2.70955,5.26827,0,1,
158,2016,-5.17662,1.08391,-2.86013,4.81426,0,1,
163,2016,-5.42669,1.08313,-3.00699,4.45732,0,1,
167,2016,-5.66516,1.08318,-3.14026,4.15,0,1,
171,2016,-5.91539,1.071,-3.40422,3.86587,0,1,
174,2016,-6.35138,1.05417,-3.66705,3.59505,0,1,
177,2028,-6.7528,1.04096,-3.93529,3.34947,0,1,
179,2028,-6.8991,1.03429,-4.31967,3.12377,0,1,
182,2016,-7.28142,1.02449,-4.6829,2.92156,0,1,
185,2016,-7.59918,1.02643,-4.82365,2.73688,0,1,
188,2016,-7.99322,1.03161,-5.01388,2.56726,0,1,
189,2016,-8.22676,1.02562,-5.35798,2.41011,0,1,
191,2028,-8.71374,1.01588,-5.82384,2.25699,0,1,
193,2016,-9.22485,1.02176,-5.8362,2.12855,0,1,
194,2028,-9.39722,1.02001,-6.05432,2.00051,0,1,
196,2016,-9.42806,1.02834,-6.0851,1.87822,0,1,
198,2028,-9.33264,1.03454,-6.25487,1.76328,0,1,
200,2028,-9.51022,1.04338,-6.2393,1.65549,0,0,
200,2028,-9.58192,1.03926,-6.53995,1.55489,0,0,
201,2028,-9.77299,1.03618,-6.82616,1.46137,0,0,
203,2028,-9.81104,1.04565,-6.82329,1.37703,0,0,
204,2028,-10.0933,1.05209,-6.88328,1.29291,0,0,
205,2028,-10.1345,1.06253,-6.87172,1.20772,0,0,
207,2028,-9.37201,1.07236,-6.98739,1.13014,0,0,
207,2053,-8.53898,1.09751,-6.37306,1.05852,0,0,
209,2053,-8.15539,1.15565,-6.22586,0.998481,0,0,
212,2184,-7.31602,1.23542,-6.06041,0.941755,0,0,
218,2116,-8.60063,1.50841,-5.64655,0.942115,0,0,
222,2116,-8.86886,1.73655,-4.21042,0.940121,0,0,
230,2053,-9.47996,2.04815,-3.49868,0.933551,0,0,
240,2005,-11.8645,2.5538,-2.82469,0.93307,0,0,
249,2028,-15.6684,3.34261,-2.45756,0.926967,0,0,
256,2040,-31.1161,4.58742,-2.10188,0.921961,0,0,
261,2116,96.3539,6.55012,-1.81598,0.917976,0,0,
266,2116,18.6751,10.3411,-1.63172,0.912413,0,0,
269,2156,10.5178,17.0796,-1.56031,0.902295,0,0,
272,2184,7.68444,29.1458,-1.53757,0.892178,0,0,
274,2156,7.03666,9871.6,-1.43559,0.883106,0,0,
273,2170,6.82621,-29.686,-1.33457,0.875572,0,0,
271,2129,6.73031,-15.9524,-1.26707,0.868224,0,0,
270,2143,6.76093,-11.5398,-1.22086,0.867393,0,0,
268,2090,6.7197,-9.12518,-1.18438,0.85697,0,0,
268,2103,6.61156,-7.79624,-1.16191,0.852418,0,0,
267,2078,6.59271,-6.84274,-1.15154,0.845331,0,0,
265,2078,6.6358,-6.25922,-1.13409,0.869122,0,0,
263,2078,6.76552,-5.74399,-1.14357,0.861555,0,0,
259,2078,6.82024,-5.37207,-1.16625,0.851623,0,0,
255,2078,6.82099,-5.14649,-1.20058,0.844948,0,0,
251,2078,6.66471,-4.96696,-1.23567,0.840478,0,0,
246,2078,6.46119,-4.78881,-1.2696,0.833677,0,0,
242,2078,6.27816,-4.62276,-1.31015,0.828912,0,0,
251,2065,6.23247,-4.69648,-1.33561,0.820973,0,0,
259,2078,6.55206,-5.00051,-1.401,0.813859,0,0,
265,2065,7.03358,-5.37111,-1.47924,0.806081,0,0,
271,2053,7.82238,-5.73047,-1.5631,0.797809,0,0,
276,2016,9.27142,-6.46134,-1.65219,0.794805,0,0,
280,2028,10.9291,-7.04268,-1.74497,0.786655,0,0,
282,2028,13.1204,-7.78988,-1.8619,0.781695,0,0,
284,2028,15.8868,-8.62547,-1.9889,0.771416,0,0,
285,2028,20.2962,-9.46343,-2.11436,0.763845,0,0,
285,2028,25.9882,-10.083,-2.24108,0.753703,0,0,
285,2028,32.85,-10.4167,-2.32512,0.742992,0,0,
285,2028,43.88,-10.731,-2.41874,0.733647,0,0,
285,2040,68.7282,-11.5003,-2.55136,0.731976,0,0,
287,2028,56.7526,-11.2257,-2.63086,0.722724,0,0,
289,2065,38.2569,-10.6995,-2.67221,0.714789,0,0,
291,2212,36.4719,-10.4663,-2.73198,0.713256,0,0,
292,2065,32.3319,-10.1249,-2.76262,0.706246,0,0,
293,2005,33.1038,-9.93933,-2.80718,0.700642,0,0,
292,2005,37.4557,-10.1217,-2.86928,0.694281,0,0,
291,2005,36.662,-10.5219,-2.97928,0.68938,0,0,
291,2005,34.7747,-10.8631,-3.0894,0.67491,0,0,
290,2005,32.3081,-11.1023,-3.16053,0.667637,0,0,
289,2016,32.1202,-11.6718,-3.24939,0.65888,0,0,
288,2005,30.5892,-12.5736,-3.36282,0.655113,0,0,
288,2005,29.2677,-13.4754,-3.47156,0.65664,0,0,
287,2016,27.1428,-14.2341,-3.55674,0.658926,0,0,
286,2005,25.375,-14.5801,-3.61202,0.659855,0,0,
285,2016,23.0134,-16.7151,-3.72205,0.665167,0,0,
285,2005,21.2909,-18.831,-3.82982,0.665901,0,0,
285,2005,20.3306,-21.1239,-3.95745,0.672554,0,0,
284,2005,19.6576,-24.018,-4.0885,0.672899,0,0,
284,2005,19.4327,-25.7293,-4.17243,0.776851,0,0,
284,1993,20.7702,-26.9692,-4.28551,0.906047,0,0,
284,2005,24.2454,-26.9781,-4.42432,1.05785,0,0,
285,1993,30.4497,-24.8912,-4.54718,1.24342,0,0,
285,1970,47.5562,-22.1712,-4.70195,1.48797,0,0,
284,1926,350.616,-18.8832,-4.80075,1.74421,0,0,
281,1883,-57.4283,-15.4148,-4.97101,1.83717,0,0,
278,1947,-24.6343,-13.1988,-5.13831,1.9578,0,0,
273,1970,-13.7845,-13.5948,-5.27347,2.12096,0,0,
265,1970,-9.50078,-17.8586,-5.3012,2.12096,0,0,
253,1843,-7.22825,-28.8342,-4.84628,2.2839,0,0,
240,1843,-6.08031,-62.907,-4.58378,2.52913,0,0,
226,1863,-5.46033,450.666,-4.40018,2.87219,0,0,
211,1883,-5.10205,83.9258,-4.50274,3.51757,0,0,
196,1833,-5.04529,59.4041,-5.30327,4.38912,0,0,
180,1731,-5.17098,69.2926,-7.22906,5.63814,0,0,
165,2212,-5.28164,81.9054,-13.9199,6.90857,0,0,
151,2053,-5.37864,98.2988,-773.048,8.71468,0,0,
137,2065,-5.46347,120.199,13.5805,11.7837,0,0,
125,2078,-5.53752,150.551,6.6234,17.4371,0,0,
114,2078,-5.60204,194.909,4.31737,32.4345,0,0,
104,2065,-5.65832,265.25,3.14744,129.952,0,0,
86,2078,-4.55847,-37.3358,2.95255,-79.5995,0,0,
70,2065,-3.89082,-17.8525,2.66813,-30.7993,0,0,
55,2065,-3.47047,-11.7306,2.26383,-17.8494,0,1,
42,2065,-3.17424,-8.78769,1.7471,-13.6176,0,1,
31,2065,-2.95634,-7.07263,1.1726,-11.0893,0,1,
21,2078,-33.0541,3.51112,0.625664,-9.24758,0,1,
11,2078,-8.94069,5.87436,0.0333398,-8.397,0,1,
3,2065,0.671137,0.414874,-0.439712,-7.2825,0,1,
2,2065,1.47324,0.794443,0.164775,-6.49346,0,1,
8,2065,3.28125,1.38166,0.105328,-6.03477,0,1,
4,2078,3.09864,1.24281,0.773723,-5.57418,0,1,
41,2065,1.28757,1.08393,1.20232,-5.26581,0,1,


Constructor start...
The Running Date is : 2015 6 7
The Time is: 22 40 7
Init starting...
Init OK!
11,2170,4.40183,-17.9494,0.46116,-17.7334,0,1,
12,2156,4.47791,-18.6738,0.446778,-17.8617,0,1,
14,2156,4.47965,-18.9558,0.437545,-15.6626,0,1,
15,2170,4.49002,-19.1696,0.423671,-13.8723,0,1,
16,2170,4.50304,-19.4935,0.423994,-12.483,0,1,
17,2170,4.51028,-19.7184,0.433166,-12.5089,0,1,
17,2156,4.51798,-20.3965,0.433464,-11.2567,0,1,
17,2129,4.56713,-20.7119,0.417497,-11.2237,0,1,
15,2129,4.54611,-22.9273,0.376311,-11.3332,0,1,
14,2116,4.58672,-26.3011,0.350123,-11.2907,0,1,
13,2116,4.76153,-29.8348,0.339477,-11.2871,0,1,
12,2116,4.88092,-33.8536,0.327625,-11.3221,0,1,
11,2116,4.98857,-39.2027,0.317824,-11.3783,0,1,
9,2116,5.05127,-50.149,0.30666,-11.4269,0,1,
8,2116,5.10218,-65.6893,0.29583,-11.4531,0,1,
7,2116,5.15759,-87.9379,0.28885,-11.4638,0,1,
6,2116,5.20451,-119.063,0.284828,-11.4865,0,1,
6,2116,5.24763,-174.807,0.281753,-11.5187,0,1,
6,2143,5.27056,-357.169,0.279116,-11.5468,0,1,
5,2116,5.30337,-2979.34,0.277875,-11.5696,0,1,
5,2116,5.32184,480.462,0.281154,-11.5946,0,1,
5,2116,5.34879,189.768,0.282317,-11.624,0,1,
5,2116,5.39464,118.099,0.284229,-11.6409,0,1,
4,2116,5.4078,92.689,0.290257,-11.6639,0,1,
6,2116,5.45593,75.3852,0.293003,-11.6863,0,1,
6,2129,5.48802,64.5911,0.296918,-11.7373,0,1,
6,2116,5.51793,57.6871,0.300335,-11.8063,0,1,
10,2116,5.4978,53.2709,0.308113,-11.8661,0,1,
12,2116,5.36368,38.2447,0.305395,-11.993,0,1,
14,2116,5.21634,24.351,0.299122,-12.0182,0,1,
16,2116,5.15796,17.2,0.296813,-12.0634,0,1,
18,2116,5.03959,13.2078,0.285392,-12.1739,0,1,
20,2116,5.00678,11.13,0.28562,-12.2698,0,1,
22,2116,4.99922,9.68804,0.287864,-12.4106,0,1,
23,2116,4.97726,8.57929,0.288594,-12.4918,0,1,
25,2116,4.91985,7.80504,0.292093,-12.5763,0,1,
26,2116,4.90305,7.22111,0.302659,-12.6589,0,1,
27,2116,4.84174,6.75071,0.310349,-12.7684,0,1,
28,2103,4.81246,6.36835,0.31715,-12.8825,0,1,
28,2116,4.78548,6.04747,0.324257,-13.0419,0,1,
29,2116,4.75639,5.75992,0.330058,-13.2007,0,1,
30,2116,4.72821,5.5494,0.33719,-13.337,0,1,
30,2116,4.66443,5.34588,0.341104,-13.4746,0,1,
31,2103,4.66414,5.15099,0.339228,-13.5593,0,1,
32,2116,4.65559,4.99894,0.343476,-13.6467,0,1,
33,2116,4.62197,4.86908,0.348677,-13.8697,0,1,
34,2116,4.62413,4.72182,0.35114,-14.1061,0,1,
34,2116,4.55448,4.54519,0.345886,-14.2991,0,1,
34,2116,4.55116,4.33989,0.341671,-14.549,0,1,
34,2116,4.5491,4.13677,0.331696,-14.5549,0,1,
34,2116,4.58463,3.97402,0.33865,-14.8734,0,1,
34,2116,4.6601,3.84966,0.354457,-15.2114,0,1,
34,2116,4.71073,3.72409,0.362051,-15.563,0,1,
34,2116,4.77982,3.62364,0.369849,-15.9489,0,1,
34,2116,4.8494,3.54066,0.376585,-16.2072,0,1,
34,2116,4.89267,3.45594,0.381212,-16.5985,0,1,
34,2116,4.94614,3.39452,0.389526,-17.0284,0,1,
35,2116,4.98419,3.34901,0.400412,-17.4729,0,1,
35,2103,5.0153,3.32025,0.420563,-17.9301,0,1,
36,2103,5.1424,3.29215,0.443266,-18.4895,0,1,
37,2103,5.15415,3.26697,0.459911,-18.9344,0,1,
37,2103,5.18141,3.25546,0.479333,-19.4791,0,1,
37,2116,5.19166,3.24586,0.500719,-20.3237,0,1,
37,2116,5.07197,3.23764,0.519335,-21.043,0,1,
38,2116,5.11146,3.22014,0.532544,-21.6981,0,1,
38,2116,5.15008,3.19194,0.544821,-22.544,0,1,
38,2103,5.27452,3.16591,0.557491,-23.2459,0,1,
39,2103,5.28381,3.14739,0.552732,-23.5789,0,1,
39,2116,5.28196,3.13156,0.547192,-24.8174,0,1,
38,2103,5.30959,3.1165,0.512272,-31.6023,0,1,
38,2116,5.29996,3.09045,0.475628,-43.4819,0,1,
39,2103,5.30458,3.07476,0.440725,-44.8115,0,1,
38,2103,5.32636,3.04993,0.402769,-45.7525,0,1,
38,2103,5.32945,3.03752,0.367974,-47.7871,0,1,
38,2116,5.34376,3.02466,0.337071,-89.6269,0,1,
38,2103,5.34316,3.01395,0.306323,-1026.78,0,1,
38,2116,5.47718,3.00279,0.281152,-862.175,0,1,
38,2116,5.5905,3.00006,0.259146,-2341.04,0,1,
39,2103,5.65769,2.99778,0.241355,15744.4,0,1,
39,2103,5.7339,3.00025,0.223043,1302.47,0,1,
40,2103,5.78882,3.00069,0.204398,680.912,0,1,
40,2103,5.81389,3.00018,0.185847,518.076,0,1,
40,2103,5.8784,3.00167,0.167057,384.385,0,1,
40,2103,5.90282,2.99994,0.147751,327.171,0,1,
41,2103,5.93868,3.00052,0.126463,256.342,0,1,
42,2103,5.99749,3.00241,0.106423,75.634,0,1,
42,2103,6.03073,3.00185,0.0859763,43.6397,0,1,
42,2103,6.0664,3.00505,0.063219,43.1073,0,1,
42,2103,6.0679,3.00798,0.0418983,42.2926,0,1,
42,2103,6.05549,3.01253,0.0209639,42.1919,0,1,
43,2103,6.18551,3.01427,0.000365719,31.0425,0,1,
42,2103,6.18546,3.01944,-0.0253902,30.659,0,1,
42,2103,6.21349,3.04423,-0.0489682,24.0155,0,1,
43,2103,6.41033,3.05958,-0.0700738,19.6836,0,1,
44,2103,6.63564,3.07042,-0.0913135,16.7604,0,1,
44,2103,6.71512,3.10086,-0.113104,16.8339,0,1,
44,2103,6.66822,3.10875,-0.138435,14.6076,0,1,
45,2103,6.60177,3.09656,-0.138231,14.3325,0,1,
45,2103,6.58731,3.09817,-0.138619,14.3504,0,1,
45,2103,6.54367,3.09947,-0.136422,14.0826,0,1,
45,2103,6.7476,3.0886,-0.138528,13.8285,0,1,
46,2103,6.86118,3.08218,-0.139675,13.6444,0,1,
45,2103,6.82555,3.0761,-0.141324,13.5056,0,1,
46,2103,6.97944,3.06308,-0.144819,13.3023,0,1,
46,2103,7.09735,3.05616,-0.145455,13.1376,0,1,
46,2103,6.99436,3.04639,-0.151211,13.006,0,1,
46,2103,6.91606,3.0439,-0.157575,12.816,0,1,
47,2103,6.85989,3.04453,-0.162504,12.699,0,1,
47,2103,6.79069,3.04254,-0.163101,12.5537,0,1,
47,2103,6.79069,3.04254,-0.163101,12.5537,0,1,
47,2103,6.79069,3.04254,-0.163101,12.5537,0,1,
47,2103,6.79069,3.04254,-0.163101,12.5537,0,1,
47,2103,6.79069,3.04254,-0.163101,12.5537,0,1,
47,2103,6.79069,3.04254,-0.163101,12.5537,0,1,
47,2103,6.79069,3.04254,-0.163101,12.5537,0,1,
47,2103,6.79069,3.04254,-0.163101,12.5537,0,1,
47,2103,6.79069,3.04254,-0.163101,12.5537,0,1,
47,2103,6.79069,3.04254,-0.163101,12.5537,0,1,
47,2103,6.79069,3.04254,-0.163101,12.5537,0,1,
47,2103,6.79069,3.04254,-0.163101,12.5537,0,1,
47,2103,6.79069,3.04254,-0.163101,12.5537,0,1,
47,2103,6.79069,3.04254,-0.163101,12.5537,0,1,
47,2103,6.79069,3.04254,-0.163101,12.5537,0,1,
47,2103,6.79069,3.04254,-0.163101,12.5537,0,1,
47,2103,6.79069,3.04254,-0.163101,12.5537,0,1,
47,2103,6.79069,3.04254,-0.163101,12.5537,0,1,
47,2103,6.79069,3.04254,-0.163101,12.5537,0,1,
47,2103,6.79069,3.04254,-0.163101,12.5537,0,1,
47,2103,6.79069,3.04254,-0.163101,12.5537,0,1,
47,2103,6.79069,3.04254,-0.163101,12.5537,0,1,
47,2103,6.79069,3.04254,-0.163101,12.5537,0,1,
47,2103,6.79069,3.04254,-0.163101,12.5537,0,1,
47,2103,6.79069,3.04254,-0.163101,12.5537,0,1,
47,2103,6.79069,3.04254,-0.163101,12.5537,0,1,
47,2103,6.79069,3.04254,-0.163101,12.5537,0,1,
47,2103,6.79069,3.04254,-0.163101,12.5537,0,1,
47,2103,6.79069,3.04254,-0.163101,12.5537,0,1,
47,2103,6.79069,3.04254,-0.163101,12.5537,0,1,
47,2103,6.79069,3.04254,-0.163101,12.5537,0,1,
47,2103,6.79069,3.04254,-0.163101,12.5537,0,1,
47,2103,6.79069,3.04254,-0.163101,12.5537,0,1,
47,2103,6.79069,3.04254,-0.163101,12.5537,0,1,
47,2103,6.79069,3.04254,-0.163101,12.5537,0,1,
47,2103,6.79069,3.04254,-0.163101,12.5537,0,1,
47,2103,6.79069,3.04254,-0.163101,12.5537,0,1,
47,2103,6.79069,3.04254,-0.163101,12.5537,0,1,
47,2103,6.79069,3.04254,-0.163101,12.5537,0,1,
47,2103,6.79069,3.04254,-0.163101,12.5537,0,1,
47,2103,6.79069,3.04254,-0.163101,12.5537,0,1,
47,2103,6.79069,3.04254,-0.163101,12.5537,0,1,
47,2103,6.79069,3.04254,-0.163101,12.5537,0,1,
47,2103,6.79069,3.04254,-0.163101,12.5537,0,1,
47,2103,6.79069,3.04254,-0.163101,12.5537,0,1,
47,2103,6.79069,3.04254,-0.163101,12.5537,0,1,
47,2103,6.79069,3.04254,-0.163101,12.5537,0,1,
47,2103,6.79069,3.04254,-0.163101,12.5537,0,1,
47,2103,6.79069,3.04254,-0.163101,12.5537,0,1,
47,2103,6.79069,3.04254,-0.163101,12.5537,0,1,
47,2103,6.79069,3.04254,-0.163101,12.5537,0,1,
47,2103,6.79069,3.04254,-0.163101,12.5537,0,1,
47,2103,6.79069,3.04254,-0.163101,12.5537,0,1,
47,2103,6.79069,3.04254,-0.163101,12.5537,0,1,
47,2103,6.79069,3.04254,-0.163101,12.5537,0,1,
47,2103,6.79069,3.04254,-0.163101,12.5537,0,1,
47,2103,6.79069,3.04254,-0.163101,12.5537,0,1,
47,2103,6.79069,3.04254,-0.163101,12.5537,0,1,
47,2103,6.79069,3.04254,-0.163101,12.5537,0,1,
47,2103,6.79069,3.04254,-0.163101,12.5537,0,1,
47,2103,6.79069,3.04254,-0.163101,12.5537,0,1,
47,2103,6.79069,3.04254,-0.163101,12.5537,0,1,
47,2103,6.79069,3.04254,-0.163101,12.5537,0,1,
47,2103,6.79069,3.04254,-0.163101,12.5537,0,1,
47,2103,6.79069,3.04254,-0.163101,12.5537,0,1,
47,2103,6.79069,3.04254,-0.163101,12.5537,0,1,
47,2103,6.79069,3.04254,-0.163101,12.5537,0,1,
47,2103,6.79069,3.04254,-0.163101,12.5537,0,1,
47,2103,6.79069,3.04254,-0.163101,12.5537,0,1,
47,2103,6.79069,3.04254,-0.163101,12.5537,0,1,
47,2103,6.79069,3.04254,-0.163101,12.5537,0,1,
47,2103,6.79069,3.04254,-0.163101,12.5537,0,1,
47,2103,6.79069,3.04254,-0.163101,12.5537,0,1,
47,2103,6.79069,3.04254,-0.163101,12.5537,0,1,
47,2103,6.79069,3.04254,-0.163101,12.5537,0,1,
47,2103,6.79069,3.04254,-0.163101,12.5537,0,1,
47,2103,6.79069,3.04254,-0.163101,12.5537,0,1,
47,2103,6.79069,3.04254,-0.163101,12.5537,0,1,
47,2103,6.79069,3.04254,-0.163101,12.5537,0,1,
47,2103,6.79069,3.04254,-0.163101,12.5537,0,1,
47,2103,6.79069,3.04254,-0.163101,12.5537,0,1,
47,2103,6.79069,3.04254,-0.163101,12.5537,0,1,
47,2103,6.79069,3.04254,-0.163101,12.5537,0,1,
47,2103,6.79069,3.04254,-0.163101,12.5537,0,1,
47,2103,6.79069,3.04254,-0.163101,12.5537,0,1,
47,2103,6.79069,3.04254,-0.163101,12.5537,0,1,
47,2103,6.79069,3.04254,-0.163101,12.5537,0,1,
47,2103,6.79069,3.04254,-0.163101,12.5537,0,1,
47,2103,6.79069,3.04254,-0.163101,12.5537,0,1,
47,2103,6.79069,3.04254,-0.163101,12.5537,0,1,
47,2103,6.79069,3.04254,-0.163101,12.5537,0,1,
47,2103,6.79069,3.04254,-0.163101,12.5537,0,1,
47,2103,6.79069,3.04254,-0.163101,12.5537,0,1,
47,2103,6.79069,3.04254,-0.163101,12.5537,0,1,
47,2103,6.79069,3.04254,-0.163101,12.5537,0,1,
47,2103,6.79069,3.04254,-0.163101,12.5537,0,1,
47,2103,6.79069,3.04254,-0.163101,12.5537,0,1,
47,2103,6.79069,3.04254,-0.163101,12.5537,0,1,
47,2103,6.79069,3.04254,-0.163101,12.5537,0,1,
47,2103,6.79069,3.04254,-0.163101,12.5537,0,1,
47,2103,6.79069,3.04254,-0.163101,12.5537,0,1,
47,2103,6.79069,3.04254,-0.163101,12.5537,0,1,
47,2103,6.79069,3.04254,-0.163101,12.5537,0,1,
47,2103,6.79069,3.04254,-0.163101,12.5537,0,1,
47,2103,6.79069,3.04254,-0.163101,12.5537,0,1,
47,2103,6.79069,3.04254,-0.163101,12.5537,0,1,
47,2103,6.79069,3.04254,-0.163101,12.5537,0,1,
47,2103,6.79069,3.04254,-0.163101,12.5537,0,1,
47,2103,6.79069,3.04254,-0.163101,12.5537,0,1,
47,2103,6.79069,3.04254,-0.163101,12.5537,0,1,
47,2103,6.79069,3.04254,-0.163101,12.5537,0,1,
47,2103,6.79069,3.04254,-0.163101,12.5537,0,1,
47,2103,6.79069,3.04254,-0.163101,12.5537,0,1,
47,2103,6.79069,3.04254,-0.163101,12.5537,0,1,
47,2103,6.79069,3.04254,-0.163101,12.5537,0,1,
47,2103,6.79069,3.04254,-0.163101,12.5537,0,1,
47,2103,6.79069,3.04254,-0.163101,12.5537,0,1,
47,2103,6.79069,3.04254,-0.163101,12.5537,0,1,
47,2103,6.79069,3.04254,-0.163101,12.5537,0,1,
47,2103,6.79069,3.04254,-0.163101,12.5537,0,1,
47,2103,6.79069,3.04254,-0.163101,12.5537,0,1,
47,2103,6.79069,3.04254,-0.163101,12.5537,0,1,
47,2103,6.79069,3.04254,-0.163101,12.5537,0,1,
47,2103,6.79069,3.04254,-0.163101,12.5537,0,1,
47,2103,6.79069,3.04254,-0.163101,12.5537,0,1,
47,2103,6.79069,3.04254,-0.163101,12.5537,0,1,
47,2103,6.79069,3.04254,-0.163101,12.5537,0,1,
47,2103,6.79069,3.04254,-0.163101,12.5537,0,1,
47,2103,6.79069,3.04254,-0.163101,12.5537,0,1,
47,2103,6.79069,3.04254,-0.163101,12.5537,0,1,
47,2103,6.79069,3.04254,-0.163101,12.5537,0,1,
47,2103,6.79069,3.04254,-0.163101,12.5537,0,1,
47,2103,6.79069,3.04254,-0.163101,12.5537,0,1,
47,2103,6.79069,3.04254,-0.163101,12.5537,0,1,
47,2103,6.79069,3.04254,-0.163101,12.5537,0,1,
47,2103,6.79069,3.04254,-0.163101,12.5537,0,1,
47,2103,6.79069,3.04254,-0.163101,12.5537,0,1,
47,2103,6.79069,3.04254,-0.163101,12.5537,0,1,
47,2103,6.79069,3.04254,-0.163101,12.5537,0,1,
47,2103,6.79069,3.04254,-0.163101,12.5537,0,1,
47,2103,6.79069,3.04254,-0.163101,12.5537,0,1,
47,2103,6.79069,3.04254,-0.163101,12.5537,0,1,
47,2103,6.79069,3.04254,-0.163101,12.5537,0,1,
47,2103,6.79069,3.04254,-0.163101,12.5537,0,1,
47,2103,6.79069,3.04254,-0.163101,12.5537,0,1,
47,2103,6.79069,3.04254,-0.163101,12.5537,0,1,
47,2103,6.79069,3.04254,-0.163101,12.5537,0,1,
47,2103,6.79069,3.04254,-0.163101,12.5537,0,1,
47,2103,6.79069,3.04254,-0.163101,12.5537,0,1,
47,2103,6.79069,3.04254,-0.163101,12.5537,0,1,
47,2103,6.79069,3.04254,-0.163101,12.5537,0,1,
47,2103,6.79069,3.04254,-0.163101,12.5537,0,1,
47,2103,6.79069,3.04254,-0.163101,12.5537,0,1,
47,2103,6.79069,3.04254,-0.163101,12.5537,0,1,
47,2103,6.79069,3.04254,-0.163101,12.5537,0,1,
47,2103,6.79069,3.04254,-0.163101,12.5537,0,1,
47,2103,6.79069,3.04254,-0.163101,12.5537,0,1,
47,2103,6.79069,3.04254,-0.163101,12.5537,0,1,
47,2103,6.79069,3.04254,-0.163101,12.5537,0,1,
47,2103,6.79069,3.04254,-0.163101,12.5537,0,1,
47,2103,6.79069,3.04254,-0.163101,12.5537,0,1,
47,2103,6.79069,3.04254,-0.163101,12.5537,0,1,
47,2103,6.79069,3.04254,-0.163101,12.5537,0,1,
47,2103,6.79069,3.04254,-0.163101,12.5537,0,1,
47,2103,6.79069,3.04254,-0.163101,12.5537,0,1,
47,2103,6.79069,3.04254,-0.163101,12.5537,0,1,
47,2103,6.79069,3.04254,-0.163101,12.5537,0,1,
47,2103,6.79069,3.04254,-0.163101,12.5537,0,1,
47,2103,6.79069,3.04254,-0.163101,12.5537,0,1,
47,2103,6.79069,3.04254,-0.163101,12.5537,0,1,
47,2103,6.79069,3.04254,-0.163101,12.5537,0,1,
47,2103,6.79069,3.04254,-0.163101,12.5537,0,1,
47,2103,6.79069,3.04254,-0.163101,12.5537,0,1,
47,2103,6.79069,3.04254,-0.163101,12.5537,0,1,
47,2103,6.79069,3.04254,-0.163101,12.5537,0,1,
47,2103,6.79069,3.04254,-0.163101,12.5537,0,1,
47,2103,6.79069,3.04254,-0.163101,12.5537,0,1,
47,2103,6.79069,3.04254,-0.163101,12.5537,0,1,
47,2103,6.79069,3.04254,-0.163101,12.5537,0,1,
47,2103,6.79069,3.04254,-0.163101,12.5537,0,1,
47,2103,6.79069,3.04254,-0.163101,12.5537,0,1,
47,2103,6.79069,3.04254,-0.163101,12.5537,0,1,
47,2103,6.79069,3.04254,-0.163101,12.5537,0,1,
47,2103,6.79069,3.04254,-0.163101,12.5537,0,1,
47,2103,6.79069,3.04254,-0.163101,12.5537,0,1,
47,2103,6.79069,3.04254,-0.163101,12.5537,0,1,
47,2103,6.79069,3.04254,-0.163101,12.5537,0,1,
47,2103,6.79069,3.04254,-0.163101,12.5537,0,1,
47,2103,6.79069,3.04254,-0.163101,12.5537,0,1,
47,2103,6.79069,3.04254,-0.163101,12.5537,0,1,
47,2103,6.79069,3.04254,-0.163101,12.5537,0,1,
47,2103,6.79069,3.04254,-0.163101,12.5537,0,1,
47,2103,6.79069,3.04254,-0.163101,12.5537,0,1,
47,2103,6.79069,3.04254,-0.163101,12.5537,0,1,
47,2103,6.79069,3.04254,-0.163101,12.5537,0,1,
47,2103,6.79069,3.04254,-0.163101,12.5537,0,1,
47,2103,6.79069,3.04254,-0.163101,12.5537,0,1,
47,2103,6.79069,3.04254,-0.163101,12.5537,0,1,
47,2103,6.79069,3.04254,-0.163101,12.5537,0,1,
47,2103,6.79069,3.04254,-0.163101,12.5537,0,1,
47,2103,6.79069,3.04254,-0.163101,12.5537,0,1,
47,2103,6.79069,3.04254,-0.163101,12.5537,0,1,
47,2103,6.79069,3.04254,-0.163101,12.5537,0,1,
47,2103,6.79069,3.04254,-0.163101,12.5537,0,1,
47,2103,6.79069,3.04254,-0.163101,12.5537,0,1,
47,2103,6.79069,3.04254,-0.163101,12.5537,0,1,
47,2103,6.79069,3.04254,-0.163101,12.5537,0,1,
47,2103,6.79069,3.04254,-0.163101,12.5537,0,1,
47,2103,6.79069,3.04254,-0.163101,12.5537,0,1,
47,2103,6.79069,3.04254,-0.163101,12.5537,0,1,
47,2103,6.79069,3.04254,-0.163101,12.5537,0,1,
47,2103,6.79069,3.04254,-0.163101,12.5537,0,1,
47,2103,6.79069,3.04254,-0.163101,12.5537,0,1,
47,2103,6.79069,3.04254,-0.163101,12.5537,0,1,
47,2103,6.79069,3.04254,-0.163101,12.5537,0,1,
47,2103,6.79069,3.04254,-0.163101,12.5537,0,1,
47,2103,6.79069,3.04254,-0.163101,12.5537,0,1,
47,2103,6.79069,3.04254,-0.163101,12.5537,0,1,
47,2103,6.79069,3.04254,-0.163101,12.5537,0,1,
47,2103,6.79069,3.04254,-0.163101,12.5537,0,1,
47,2103,6.79069,3.04254,-0.163101,12.5537,0,1,
47,2103,6.79069,3.04254,-0.163101,12.5537,0,1,
47,2103,6.79069,3.04254,-0.163101,12.5537,0,1,
47,2103,6.79069,3.04254,-0.163101,12.5537,0,1,
47,2103,6.79069,3.04254,-0.163101,12.5537,0,1,


Constructor start...
The Running Date is : 2015 6 7
The Time is: 22 46 49
Init starting...
Init OK!
17,1981,-7.56271,-23.3173,-1.66032,1.17131,1,1,
19,1981,-7.79401,-26.0265,-1.64769,1.17131,1,1,
22,2016,-8.08137,-29.3467,-1.64424,1.14852,1,1,
24,1981,-8.37843,-32.1376,-1.62815,1.14852,1,1,
25,2028,-8.55521,-34.9771,-1.61808,1.1257,1,1,
26,1981,-8.75409,-37.2755,-1.60466,1.10405,1,1,
30,2541,-9.17135,-40.7225,-1.59491,1.08465,1,1,
32,2005,-9.61289,-41.3667,-1.57779,1.05939,1,1,
34,1981,-9.991,-41.9817,-1.57127,1.03333,1,1,
33,1981,-10.3523,-40.7278,-1.56582,1.01529,1,1,
30,1970,-10.5727,-37.4727,-1.55534,0.990856,1,1,
29,1970,-10.6848,-33.8209,-1.54642,0.977453,1,1,
28,1959,-10.8556,-30.0671,-1.53864,0.955683,1,1,
27,1970,-10.9251,-26.9279,2.92306,-0.920935,1,1,
25,1970,-11.2097,-24.2315,2.96221,-0.954779,1,1,
22,1970,-11.6572,-22.071,2.99726,-0.982339,1,1,
19,1981,-11.8189,-20.2964,3.02061,-1.00868,1,1,
16,1993,-12.4761,-18.8896,3.06852,-1.03147,1,1,
13,1993,-13.5168,-18.5818,3.09463,-1.05917,1,1,
11,1993,-14.5858,-19.0624,3.09842,-1.07895,1,1,
9,1993,-15.6245,-19.476,3.11518,-1.09409,1,1,
8,1993,-15.6441,-20.6935,3.13174,-1.10095,1,1,
7,1993,-14.9277,-22.2668,3.16407,-1.0917,1,1,
5,1993,-15.2066,-24.2406,3.18553,-1.03625,1,1,
3,1993,-15.333,-26.5658,3.21927,-1.04592,1,1,
3,1993,-16.148,-28.5962,3.26943,-1.03944,1,1,
3,1993,-18.2321,-32.0785,3.29377,-1.03963,1,1,
3,1993,-22.1268,-37.0652,3.28558,-1.03794,1,1,
3,2005,-26.5578,-41.6228,3.28702,-1.03848,1,1,
4,2005,-34.4188,-45.493,3.30615,-1.02121,1,1,
5,2005,-45.729,-50.3702,3.32717,-1.02896,1,1,
5,2005,-58.5504,-55.4353,3.34252,-1.04299,1,1,
6,2016,-101.27,-59.5977,3.36056,-1.05711,1,1,
5,2016,-1848.45,-67.4196,3.35678,-1.07906,1,1,
5,2016,121.373,-83.3787,3.35164,-1.09407,0,1,
5,2016,60.2211,-104.072,3.34704,-1.1129,0,1,
5,2028,43.5272,-114.022,3.34993,-1.09675,0,1,
6,2016,40.8737,-214.416,3.32776,-1.10977,0,1,
7,2016,30.5535,340.832,3.26302,-1.11005,0,1,
8,2016,25.1676,89.5856,3.17177,-1.12742,0,1,
9,2016,21.2422,49.8196,3.08566,-1.11211,0,1,
10,2028,17.5504,36.6874,3.02441,-1.14944,0,1,
10,2028,15.3102,29.3286,2.96452,-1.15409,0,1,
11,2028,13.754,24.7384,2.90766,-1.15408,0,1,
12,2040,12.4809,22.4802,2.8695,-1.15515,0,1,
12,2040,11.6132,20.5801,2.83898,-1.15034,0,1,
13,2040,10.8504,18.8543,2.79281,-1.15508,0,1,
13,2040,10.2577,17.2595,2.7438,-1.15749,0,1,
13,2040,9.77138,16.103,2.70004,-1.16876,0,1,
13,2028,9.36403,15.3842,2.67924,-1.1465,0,1,
14,2040,9.00221,14.7839,2.65551,-1.18694,0,1,
15,2016,8.78158,14.2137,2.6328,-1.23625,0,1,
15,2028,8.44787,13.8352,2.62578,-1.18416,0,1,
16,2028,8.18445,13.6577,2.62157,-1.20354,0,1,
16,2028,7.91935,13.2538,2.60798,-1.20386,0,1,
17,2028,7.72666,13.216,2.62131,-1.20442,0,1,
17,2028,7.61873,13.3158,2.63982,-0.923364,0,1,
17,2028,7.49691,13.2918,2.64922,-0.731289,0,1,
17,2016,7.40334,13.2241,2.65553,0.555264,0,1,
17,2028,7.56802,13.1768,2.66021,6.76482,0,1,
17,2028,7.71871,13.054,2.65659,-112.501,0,1,
17,2016,7.83347,13.0481,2.65995,-11.4119,0,1,
17,2016,7.98314,12.9884,2.66167,-10.0035,0,1,
16,2016,8.11893,12.971,2.66314,-6.90525,0,1,
16,2016,8.4889,13.0424,2.66751,-5.63963,0,1,
18,2028,9.52404,13.7271,2.69212,-5.02852,0,1,
17,2028,10.585,16.0433,2.75749,-4.48411,0,1,
15,2028,11.0922,26.6131,2.93235,-4.20068,0,1,
10,2028,11.7845,621.19,3.29661,-4.29911,0,1,
7,2016,11.5893,-25.6755,3.73345,-4.18916,0,1,
3,2016,11.7486,-12.9137,4.23107,-4.84466,0,1,
1,2016,11.9208,-8.82255,4.7602,-5.72588,0,1,
1,2016,12.5042,-6.75629,-2.02011,-6.33686,3,1,
4,2005,12.9286,-5.50783,-1.92977,-7.06077,3,1,
6,2005,13.239,-4.70687,-1.85905,-8.05517,3,1,
9,2005,13.3308,-4.13308,-1.80106,-9.66857,3,1,
12,2005,13.0317,-3.73481,-1.75301,-11.8782,3,1,
15,2005,12.4137,-3.43805,-1.71898,-13.2152,3,1,
17,2005,12.7355,-3.19593,-1.68734,-16.0313,3,1,
19,2005,12.9413,-3.00851,-1.6565,-18.1687,3,1,
20,2005,12.97,-2.85584,-1.62595,-21.8988,3,1,
21,2005,13.1994,-2.72682,-1.59574,-27.4004,3,1,
23,1993,13.2718,-2.62617,-1.56885,-39.8869,3,1,
23,1993,13.4843,-2.54215,-1.54606,-147.417,3,1,
25,2005,13.523,-2.47388,-1.52601,198.965,3,1,
26,2005,13.1579,-2.45394,-1.51877,39.898,3,1,
26,2028,12.8698,-2.51265,-1.52744,26.3721,3,1,
24,2040,12.7857,-2.67262,-1.5541,21.4553,3,1,
22,2053,12.671,-2.92304,-1.57228,51.3548,3,1,
19,2053,12.7452,-3.21713,-1.59661,-31.9046,3,1,
16,2053,12.476,-3.59659,-1.65213,-20.514,3,1,
14,2053,12.3207,-4.05965,-1.71179,-16.0013,3,1,
12,2053,12.0737,-4.60704,-1.77121,-11.6835,3,1,
11,2053,11.5031,-5.23307,-1.7941,-5.25477,3,1,
9,2053,11.1504,-5.99836,-1.81283,-2.51486,3,1,
8,2053,10.847,-6.83621,-1.85788,-2.50298,3,1,
7,2053,11.0753,-7.84609,-1.86099,-1.15716,0,1,
6,2053,11.265,-9.05656,-1.86419,-0.212892,0,1,
6,2053,11.3331,-10.5435,-1.90871,-0.186324,0,1,
5,2053,11.3785,-12.2646,-1.95031,-0.085141,0,1,
5,2053,11.3685,-14.4294,-1.99026,-0.0822184,0,1,
4,2053,11.364,-17.1239,-2.02652,-0.0617692,0,1,
4,2053,11.376,-20.2417,-2.06114,0.15297,0,1,
4,2053,11.2649,-22.9732,-2.08326,0.286346,0,1,
4,2053,11.2516,-26.2376,-2.10247,0.226374,0,1,
5,2053,11.3057,-30.3331,-2.07949,0.653842,0,1,
5,2053,11.2881,-35.6039,-2.09971,0.597342,0,1,
5,2053,11.3683,-41.3967,-2.11596,0.558304,0,1,
5,2053,11.4175,-49.2917,-2.08653,0.901969,0,1,
5,2053,11.4807,-56.8736,-2.09802,0.839195,0,1,
5,2053,11.4969,-69.1109,-2.06465,1.13679,0,1,
5,2053,11.5291,-83.3099,-2.07404,1.10627,0,1,
5,2053,11.3961,-102.608,-2.0845,1.18555,0,1,
5,2053,11.7906,-142.387,-2.09917,1.16827,0,1,
5,2053,11.6939,-170.577,-2.09741,1.12612,0,1,
8,2053,11.7492,-278.166,-2.06943,1.55002,0,1,
18,2398,11.8525,57.0054,-2.30836,1.89396,0,1,
27,2116,11.7364,26.2634,-2.6403,2.37894,0,1,
34,2116,11.6327,17.6337,-3.03042,2.37894,0,1,
41,2116,11.5411,13.586,-3.49268,2.37894,0,1,
47,2116,11.4589,11.2468,-4.04576,2.37894,0,1,
47,2116,11.4589,11.2468,-4.04576,2.37894,0,1,
47,2116,11.4589,11.2468,-4.04576,2.37894,0,1,
47,2116,11.4589,11.2468,-4.04576,2.37894,0,1,
47,2116,11.4589,11.2468,-4.04576,2.37894,0,1,
47,2116,11.4589,11.2468,-4.04576,2.37894,0,1,
47,2116,11.4589,11.2468,-4.04576,2.37894,0,1,
47,2116,11.4589,11.2468,-4.04576,2.37894,0,1,
47,2116,11.4589,11.2468,-4.04576,2.37894,0,1,
47,2116,11.4589,11.2468,-4.04576,2.37894,0,1,
47,2116,11.4589,11.2468,-4.04576,2.37894,0,1,
47,2116,11.4589,11.2468,-4.04576,2.37894,0,1,
47,2116,11.4589,11.2468,-4.04576,2.37894,0,1,
47,2116,11.4589,11.2468,-4.04576,2.37894,0,1,
47,2116,11.4589,11.2468,-4.04576,2.37894,0,1,
47,2116,11.4589,11.2468,-4.04576,2.37894,0,1,
47,2116,11.4589,11.2468,-4.04576,2.37894,0,1,
47,2116,11.4589,11.2468,-4.04576,2.37894,0,1,
47,2116,11.4589,11.2468,-4.04576,2.37894,0,1,
47,2116,11.4589,11.2468,-4.04576,2.37894,0,1,
47,2116,11.4589,11.2468,-4.04576,2.37894,0,1,
47,2116,11.4589,11.2468,-4.04576,2.37894,0,1,
47,2116,11.4589,11.2468,-4.04576,2.37894,0,1,
47,2116,11.4589,11.2468,-4.04576,2.37894,0,1,
47,2116,11.4589,11.2468,-4.04576,2.37894,0,1,
47,2116,11.4589,11.2468,-4.04576,2.37894,0,1,
47,2116,11.4589,11.2468,-4.04576,2.37894,0,1,
47,2116,11.4589,11.2468,-4.04576,2.37894,0,1,
47,2116,11.4589,11.2468,-4.04576,2.37894,0,1,
47,2116,11.4589,11.2468,-4.04576,2.37894,0,1,
47,2116,11.4589,11.2468,-4.04576,2.37894,0,1,
47,2116,11.4589,11.2468,-4.04576,2.37894,0,1,
47,2116,11.4589,11.2468,-4.04576,2.37894,0,1,
47,2116,11.4589,11.2468,-4.04576,2.37894,0,1,
47,2116,11.4589,11.2468,-4.04576,2.37894,0,1,
47,2116,11.4589,11.2468,-4.04576,2.37894,0,1,
47,2116,11.4589,11.2468,-4.04576,2.37894,0,1,
47,2116,11.4589,11.2468,-4.04576,2.37894,0,1,
47,2116,11.4589,11.2468,-4.04576,2.37894,0,1,
47,2116,11.4589,11.2468,-4.04576,2.37894,0,1,


Constructor start...
The Running Date is : 2015 6 9
The Time is: 18 38 44
Init starting...
Init OK!


Constructor start...
The Running Date is : 2015 6 9
The Time is: 18 45 44
Init starting...
Init OK!


Constructor start...
The Running Date is : 2015 6 9
The Time is: 18 54 53
Init starting...
Init OK!


Constructor start...
The Running Date is : 2015 6 9
The Time is: 18 56 40
Init starting...
Init OK!


Constructor start...
The Running Date is : 2015 6 9
The Time is: 18 57 49
Init starting...
Init OK!


Constructor start...
The Running Date is : 2015 6 9
The Time is: 18 58 48
Init starting...
Init OK!


Constructor start...
The Running Date is : 2015 6 9
The Time is: 18 59 0
Init starting...
Init OK!


Constructor start...
The Running Date is : 2015 6 9
The Time is: 19 0 32
Init starting...
Init OK!


Constructor start...
The Running Date is : 2015 6 9
The Time is: 19 2 6
Init starting...
Init OK!


Constructor start...
The Running Date is : 2015 6 9
The Time is: 19 7 26
Init starting...
Init OK!


Constructor start...
The Running Date is : 2015 6 9
The Time is: 19 10 8
Init starting...
Init OK!


Constructor start...
The Running Date is : 2015 6 9
The Time is: 19 14 21
Init starting...
Init OK!


Constructor start...
The Running Date is : 2015 6 9
The Time is: 19 16 28
Init starting...
Init OK!


Constructor start...
The Running Date is : 2015 6 9
The Time is: 23 33 55
Init starting...
OPEN ERROR--NOT FIND DEVICES


Constructor start...
The Running Date is : 2015 6 10
The Time is: 9 32 52
Init starting...
OPEN ERROR--NOT FIND DEVICES


Constructor start...
The Running Date is : 2015 6 10
The Time is: 9 43 45
Init starting...
OPEN ERROR--NOT FIND DEVICES


Constructor start...
The Running Date is : 2015 6 12
The Time is: 1 4 17
Init starting...
OPEN ERROR--NOT FIND DEVICES


Constructor start...
The Running Date is : 2015 6 12
The Time is: 1 5 30
Init starting...
OPEN ERROR--NOT FIND DEVICES


Constructor start...
The Running Date is : 2015 6 15
The Time is: 1 24 23
Init starting...
OPEN ERROR--NOT FIND DEVICES


Constructor start...
The Running Date is : 2015 6 25
The Time is: 19 52 55
Init starting...
OPEN ERROR--NOT FIND DEVICES


Constructor start...
The Running Date is : 2015 7 6
The Time is: 9 5 43
Init starting...
OPEN ERROR--NOT FIND DEVICES


Constructor start...
The Running Date is : 2015 7 6
The Time is: 19 23 25
Init starting...
OPEN ERROR--NOT FIND DEVICES


Constructor start...
The Running Date is : 2015 7 16
The Time is: 21 5 42
Init starting...
OPEN ERROR--NOT FIND DEVICES


Constructor start...
The Running Date is : 2015 7 18
The Time is: 18 11 43
Init starting...
OPEN ERROR--NOT FIND DEVICES
